{
  "RSpec": {
    "coverage": {
      "/Users/andylindsay/lighthouse/presentations/lighthouse/twelve-week/oct14-w10d02/lhl-w8d2/lecture/app/models/bicycle.rb": [
        1,
        null,
        1,
        1,
        null,
        1,
        1,
        1,
        1,
        null,
        null,
        null,
        26,
        null,
        null,
        1,
        22,
        null,
        null,
        null,
        1,
        22,
        5,
        null,
        null,
        null,
        null,
        null,
        null,
        null,
        null,
        null,
        null,
        null,
        null,
        null,
        null,
        null
      ],
      "/Users/andylindsay/lighthouse/presentations/lighthouse/twelve-week/oct14-w10d02/lhl-w8d2/lecture/app/models/application_record.rb": [
        1,
        1,
        null
      ],
      "/Users/andylindsay/lighthouse/presentations/lighthouse/twelve-week/oct14-w10d02/lhl-w8d2/lecture/app/models/brand.rb": [
        1,
        null,
        1,
        null,
        1,
        1,
        null,
        null
      ],
      "/Users/andylindsay/lighthouse/presentations/lighthouse/twelve-week/oct14-w10d02/lhl-w8d2/lecture/app/models/style.rb": [
        1,
        null,
        1,
        null,
        1,
        null,
        null,
        null,
        null,
        null,
        null,
        null
      ],
      "/Users/andylindsay/lighthouse/presentations/lighthouse/twelve-week/oct14-w10d02/lhl-w8d2/lecture/app/controllers/bicycles_controller.rb": [
        1,
        null,
        1,
        7,
        null,
        7,
        7,
        7,
        7,
        null,
        null,
        null
      ],
      "/Users/andylindsay/lighthouse/presentations/lighthouse/twelve-week/oct14-w10d02/lhl-w8d2/lecture/app/controllers/application_controller.rb": [
        1,
        1,
        null
      ],
      "/Users/andylindsay/lighthouse/presentations/lighthouse/twelve-week/oct14-w10d02/lhl-w8d2/lecture/app/mailers/application_mailer.rb": [
        0,
        0,
        0,
        0
      ],
      "/Users/andylindsay/lighthouse/presentations/lighthouse/twelve-week/oct14-w10d02/lhl-w8d2/lecture/app/jobs/application_job.rb": [
        0,
        0
      ],
      "/Users/andylindsay/lighthouse/presentations/lighthouse/twelve-week/oct14-w10d02/lhl-w8d2/lecture/app/helpers/application_helper.rb": [
        0,
        0
      ]
    },
    "timestamp": 1576611564
  }
}
